<?xml version="1.0" encoding="UTF-8"?>
<testng-results ignored="0" total="2" passed="2" failed="0" skipped="0">
  <reporter-output>
  </reporter-output>
  <suite started-at="2023-01-10T17:39:00Z" name="Default suite" finished-at="2023-01-10T17:42:16Z" duration-ms="196109">
    <groups>
    </groups>
    <test started-at="2023-01-10T17:39:00Z" name="Default test" finished-at="2023-01-10T17:42:16Z" duration-ms="196109">
      <class name="com.app.tests.AppTest">
        <test-method is-config="true" signature="setUp()[pri:0, instance:com.app.tests.AppTest@38b27cdc]" started-at="2023-01-10T23:09:00Z" name="setUp" finished-at="2023-01-10T23:09:06Z" duration-ms="6469" status="PASS">
          <reporter-output>
          </reporter-output>
        </test-method> <!-- setUp -->
        <test-method signature="tc1()[pri:0, instance:com.app.tests.AppTest@38b27cdc]" started-at="2023-01-10T23:09:06Z" name="tc1" finished-at="2023-01-10T23:10:04Z" duration-ms="57277" status="PASS">
          <reporter-output>
          </reporter-output>
        </test-method> <!-- tc1 -->
        <test-method is-config="true" signature="tearDown()[pri:0, instance:com.app.tests.AppTest@38b27cdc]" started-at="2023-01-10T23:10:04Z" name="tearDown" finished-at="2023-01-10T23:10:04Z" duration-ms="249" status="PASS">
          <reporter-output>
          </reporter-output>
        </test-method> <!-- tearDown -->
        <test-method is-config="true" signature="setUp()[pri:0, instance:com.app.tests.AppTest@38b27cdc]" started-at="2023-01-10T23:10:04Z" name="setUp" finished-at="2023-01-10T23:10:11Z" duration-ms="7143" status="PASS">
          <reporter-output>
          </reporter-output>
        </test-method> <!-- setUp -->
        <test-method signature="tc2()[pri:0, instance:com.app.tests.AppTest@38b27cdc]" started-at="2023-01-10T23:10:11Z" name="tc2" finished-at="2023-01-10T23:12:16Z" duration-ms="124655" status="PASS">
          <reporter-output>
          </reporter-output>
        </test-method> <!-- tc2 -->
        <test-method is-config="true" signature="tearDown()[pri:0, instance:com.app.tests.AppTest@38b27cdc]" started-at="2023-01-10T23:12:16Z" name="tearDown" finished-at="2023-01-10T23:12:16Z" duration-ms="303" status="PASS">
          <reporter-output>
          </reporter-output>
        </test-method> <!-- tearDown -->
      </class> <!-- com.app.tests.AppTest -->
    </test> <!-- Default test -->
  </suite> <!-- Default suite -->
</testng-results>
